INFO  10:11:02 Application started. Press Ctrl+C to shut down.
INFO  10:11:02 Application started. Press Ctrl+C to shut down.
INFO  10:11:02 Hosting environment: Development
INFO  10:11:02 Hosting environment: Development
INFO  10:11:02 Content root path: C:\Users\user\source\repos\PackagingAndDelivery
INFO  10:11:02 Content root path: C:\Users\user\source\repos\PackagingAndDelivery
INFO  10:11:03 GetPackagingDeliveryCharge() called
INFO  10:11:27 GetPackagingDeliveryCharge() called
INFO  11:09:28 Application started. Press Ctrl+C to shut down.
INFO  11:09:28 Application started. Press Ctrl+C to shut down.
INFO  11:09:28 Hosting environment: Development
INFO  11:09:28 Hosting environment: Development
INFO  11:09:28 Content root path: C:\Users\user\source\repos\PackagingAndDelivery
INFO  11:09:28 Content root path: C:\Users\user\source\repos\PackagingAndDelivery
INFO  11:09:30 GetPackagingDeliveryCharge() called
INFO  11:09:30 GetPackagingDeliveryCharge() called
INFO  11:15:29 Application started. Press Ctrl+C to shut down.
INFO  11:15:29 Application started. Press Ctrl+C to shut down.
INFO  11:15:29 Hosting environment: Development
INFO  11:15:29 Hosting environment: Development
INFO  11:15:29 Content root path: C:\Users\user\source\repos\PackagingAndDelivery
INFO  11:15:29 Content root path: C:\Users\user\source\repos\PackagingAndDelivery
INFO  11:15:30 GetPackagingDeliveryCharge() called
INFO  11:15:30 GetPackagingDeliveryCharge() called
INFO  11:18:26 Application started. Press Ctrl+C to shut down.
INFO  11:18:26 Application started. Press Ctrl+C to shut down.
INFO  11:18:26 Hosting environment: Development
INFO  11:18:26 Hosting environment: Development
INFO  11:18:26 Content root path: C:\Users\user\source\repos\PackagingAndDelivery
INFO  11:18:26 Content root path: C:\Users\user\source\repos\PackagingAndDelivery
INFO  11:18:27 GetPackagingDeliveryCharge() called
INFO  11:18:27 GetPackagingDeliveryCharge() called
INFO  09:42:24 Application started. Press Ctrl+C to shut down.
INFO  09:42:25 Application started. Press Ctrl+C to shut down.
INFO  09:42:25 Hosting environment: Development
INFO  09:42:25 Hosting environment: Development
INFO  09:42:25 Content root path: C:\Users\user\source\repos\PackagingAndDelivery
INFO  09:42:25 Content root path: C:\Users\user\source\repos\PackagingAndDelivery
INFO  09:42:27 GetPackagingDeliveryCharge() called
INFO  09:42:27 GetPackagingDeliveryCharge() called
INFO  09:47:12 Application started. Press Ctrl+C to shut down.
INFO  09:47:12 Application started. Press Ctrl+C to shut down.
INFO  09:47:12 Hosting environment: Development
INFO  09:47:12 Hosting environment: Development
INFO  09:47:12 Content root path: C:\Users\user\source\repos\PackagingAndDelivery
INFO  09:47:12 Content root path: C:\Users\user\source\repos\PackagingAndDelivery
INFO  09:47:13 GetPackagingDeliveryCharge() called
INFO  09:47:13 GetPackagingDeliveryCharge() called
INFO  09:59:15 Application started. Press Ctrl+C to shut down.
INFO  09:59:15 Application started. Press Ctrl+C to shut down.
INFO  09:59:15 Hosting environment: Development
INFO  09:59:15 Hosting environment: Development
INFO  09:59:15 Content root path: C:\Users\user\source\repos\PackagingAndDelivery
INFO  09:59:15 Content root path: C:\Users\user\source\repos\PackagingAndDelivery
INFO  09:59:15 GetPackagingDeliveryCharge() called
INFO  09:59:15 GetPackagingDeliveryCharge() called
INFO  09:59:37 GetPackagingDeliveryCharge() called
INFO  09:59:50 GetPackagingDeliveryCharge() called
INFO  09:59:56 GetPackagingDeliveryCharge() called
INFO  10:01:07 Application started. Press Ctrl+C to shut down.
INFO  10:01:07 Application started. Press Ctrl+C to shut down.
INFO  10:01:07 Hosting environment: Development
INFO  10:01:07 Hosting environment: Development
INFO  10:01:07 Content root path: C:\Users\user\source\repos\PackagingAndDelivery
INFO  10:01:07 Content root path: C:\Users\user\source\repos\PackagingAndDelivery
INFO  10:01:07 GetPackagingDeliveryCharge() called
INFO  10:01:11 GetPackagingDeliveryCharge() called
INFO  10:01:14 GetPackagingDeliveryCharge() called
INFO  10:04:47 Application started. Press Ctrl+C to shut down.
INFO  10:04:47 Application started. Press Ctrl+C to shut down.
INFO  10:04:47 Hosting environment: Development
INFO  10:04:47 Hosting environment: Development
INFO  10:04:47 Content root path: C:\Users\user\source\repos\PackagingAndDelivery
INFO  10:04:47 Content root path: C:\Users\user\source\repos\PackagingAndDelivery
INFO  10:04:47 GetPackagingDeliveryCharge() called
INFO  10:05:00 GetPackagingDeliveryCharge() called
INFO  10:57:09 Application started. Press Ctrl+C to shut down.
INFO  10:57:09 Application started. Press Ctrl+C to shut down.
INFO  10:57:09 Hosting environment: Development
INFO  10:57:09 Hosting environment: Development
INFO  10:57:09 Content root path: C:\Users\user\source\repos\PackagingAndDelivery
INFO  10:57:09 Content root path: C:\Users\user\source\repos\PackagingAndDelivery
INFO  10:57:10 GetPackagingDeliveryCharge() called
INFO  10:57:10 GetPackagingDeliveryCharge() called
INFO  11:02:16 Application started. Press Ctrl+C to shut down.
INFO  11:02:16 Application started. Press Ctrl+C to shut down.
INFO  11:02:16 Hosting environment: Development
INFO  11:02:16 Hosting environment: Development
INFO  11:02:16 Content root path: C:\Users\user\source\repos\PackagingAndDelivery
INFO  11:02:16 Content root path: C:\Users\user\source\repos\PackagingAndDelivery
INFO  11:02:16 GetPackagingDeliveryCharge() called
INFO  11:02:16 GetPackagingDeliveryCharge() called
INFO  11:02:59 Application started. Press Ctrl+C to shut down.
INFO  11:02:59 Application started. Press Ctrl+C to shut down.
INFO  11:02:59 Hosting environment: Development
INFO  11:02:59 Hosting environment: Development
INFO  11:02:59 Content root path: C:\Users\user\source\repos\PackagingAndDelivery
INFO  11:02:59 Content root path: C:\Users\user\source\repos\PackagingAndDelivery
INFO  11:02:59 GetPackagingDeliveryCharge() called
INFO  11:03:18 GetPackagingDeliveryCharge() called
INFO  11:03:21 GetPackagingDeliveryCharge() called
INFO  11:05:07 Application started. Press Ctrl+C to shut down.
INFO  11:05:07 Application started. Press Ctrl+C to shut down.
INFO  11:05:07 Hosting environment: Development
INFO  11:05:07 Hosting environment: Development
INFO  11:05:07 Content root path: C:\Users\user\source\repos\PackagingAndDelivery
INFO  11:05:07 Content root path: C:\Users\user\source\repos\PackagingAndDelivery
INFO  11:05:07 GetPackagingDeliveryCharge() called
INFO  11:05:07 GetPackagingDeliveryCharge() called
INFO  11:10:38 Application started. Press Ctrl+C to shut down.
INFO  11:10:38 Application started. Press Ctrl+C to shut down.
INFO  11:10:38 Hosting environment: Development
INFO  11:10:38 Hosting environment: Development
INFO  11:10:38 Content root path: C:\Users\user\source\repos\PackagingAndDelivery
INFO  11:10:38 Content root path: C:\Users\user\source\repos\PackagingAndDelivery
INFO  11:10:38 GetPackagingDeliveryCharge() called
INFO  11:10:38 GetPackagingDeliveryCharge() called
INFO  11:10:59 GetPackagingDeliveryCharge() called
INFO  11:11:11 GetPackagingDeliveryCharge() called
INFO  11:15:04 Application started. Press Ctrl+C to shut down.
INFO  11:15:04 Application started. Press Ctrl+C to shut down.
INFO  11:15:04 Hosting environment: Development
INFO  11:15:04 Hosting environment: Development
INFO  11:15:04 Content root path: C:\Users\user\source\repos\PackagingAndDelivery
INFO  11:15:04 Content root path: C:\Users\user\source\repos\PackagingAndDelivery
INFO  11:15:05 GetPackagingDeliveryCharge() called
INFO  11:15:10 GetPackagingDeliveryCharge() called
INFO  11:15:16 GetPackagingDeliveryCharge() called
INFO  03:42:01 Application started. Press Ctrl+C to shut down.
INFO  03:42:02 Application started. Press Ctrl+C to shut down.
INFO  03:42:02 Hosting environment: Development
INFO  03:42:02 Hosting environment: Development
INFO  03:42:02 Content root path: C:\Users\user\source\repos\PackagingAndDelivery
INFO  03:42:02 Content root path: C:\Users\user\source\repos\PackagingAndDelivery
INFO  03:42:03 GetPackagingDeliveryCharge() called
INFO  03:42:03 GetPackagingDeliveryCharge() called
INFO  03:42:48 GetPackagingDeliveryCharge() called
INFO  03:43:20 GetPackagingDeliveryCharge() called
INFO  03:43:25 GetPackagingDeliveryCharge() called
INFO  03:43:39 GetPackagingDeliveryCharge() called
INFO  03:43:44 GetPackagingDeliveryCharge() called
INFO  03:43:48 GetPackagingDeliveryCharge() called
INFO  03:43:58 GetPackagingDeliveryCharge() called
INFO  03:44:08 GetPackagingDeliveryCharge() called
INFO  03:44:27 GetPackagingDeliveryCharge() called
INFO  04:18:25 Application started. Press Ctrl+C to shut down.
INFO  04:18:25 Application started. Press Ctrl+C to shut down.
INFO  04:18:25 Hosting environment: Development
INFO  04:18:25 Hosting environment: Development
INFO  04:18:25 Content root path: C:\Users\user\source\repos\PackagingAndDelivery
INFO  04:18:25 Content root path: C:\Users\user\source\repos\PackagingAndDelivery
INFO  04:18:26 GetPackagingDeliveryCharge() called
INFO  04:18:30 GetPackagingDeliveryCharge() called
INFO  04:18:37 GetPackagingDeliveryCharge() called
INFO  04:19:59 GetPackagingDeliveryCharge() called
INFO  04:20:30 GetPackagingDeliveryCharge() called
INFO  04:42:17 Application started. Press Ctrl+C to shut down.
INFO  04:42:17 Application started. Press Ctrl+C to shut down.
INFO  04:42:17 Hosting environment: Development
INFO  04:42:17 Hosting environment: Development
INFO  04:42:17 Content root path: C:\Users\user\source\repos\PackagingAndDelivery
INFO  04:42:17 Content root path: C:\Users\user\source\repos\PackagingAndDelivery
INFO  04:42:18 GetPackagingDeliveryCharge() called
INFO  04:42:18 GetPackagingDeliveryCharge() called
INFO  04:43:17 Application started. Press Ctrl+C to shut down.
INFO  04:43:17 Application started. Press Ctrl+C to shut down.
INFO  04:43:17 Hosting environment: Development
INFO  04:43:17 Hosting environment: Development
INFO  04:43:17 Content root path: C:\Users\user\source\repos\PackagingAndDelivery
INFO  04:43:17 Content root path: C:\Users\user\source\repos\PackagingAndDelivery
INFO  04:43:17 GetPackagingDeliveryCharge() called
INFO  04:43:30 GetPackagingDeliveryCharge() called
INFO  07:47:03 Application started. Press Ctrl+C to shut down.
INFO  07:47:03 Application started. Press Ctrl+C to shut down.
INFO  07:47:03 Hosting environment: Development
INFO  07:47:03 Hosting environment: Development
INFO  07:47:03 Content root path: C:\Users\user\source\repos\PackagingAndDelivery
INFO  07:47:03 Content root path: C:\Users\user\source\repos\PackagingAndDelivery
INFO  07:47:04 GetPackagingDeliveryCharge() called
INFO  08:10:05 GetPackagingDeliveryCharge() called
INFO  08:10:14 GetPackagingDeliveryCharge() called
INFO  08:10:17 GetPackagingDeliveryCharge() called
INFO  08:12:34 Application started. Press Ctrl+C to shut down.
INFO  08:12:34 Application started. Press Ctrl+C to shut down.
INFO  08:12:34 Hosting environment: Development
INFO  08:12:34 Hosting environment: Development
INFO  08:12:34 Content root path: C:\Users\user\source\repos\PackagingAndDelivery
INFO  08:12:34 Content root path: C:\Users\user\source\repos\PackagingAndDelivery
INFO  08:12:34 GetPackagingDeliveryCharge() called
INFO  08:13:01 GetPackagingDeliveryCharge() called
INFO  03:38:59 Application started. Press Ctrl+C to shut down.
INFO  03:39:00 Application started. Press Ctrl+C to shut down.
INFO  03:39:00 Hosting environment: Development
INFO  03:39:00 Hosting environment: Development
INFO  03:39:00 Content root path: C:\Users\user\source\repos\PackagingAndDelivery
INFO  03:39:00 Content root path: C:\Users\user\source\repos\PackagingAndDelivery
INFO  03:39:01 GetPackagingDeliveryCharge() called
INFO  03:39:01 GetPackagingDeliveryCharge() called
INFO  03:39:01 GetPackagingDeliveryCharge() called
INFO  03:39:13 GetPackagingDeliveryCharge() called
INFO  03:49:39 Application started. Press Ctrl+C to shut down.
INFO  03:49:39 Application started. Press Ctrl+C to shut down.
INFO  03:49:39 Hosting environment: Development
INFO  03:49:39 Hosting environment: Development
INFO  03:49:39 Content root path: C:\Users\user\source\repos\PackagingAndDelivery
INFO  03:49:39 Content root path: C:\Users\user\source\repos\PackagingAndDelivery
INFO  03:49:41 GetPackagingDeliveryCharge() called
INFO  03:49:57 GetPackagingDeliveryCharge() called
INFO  03:50:20 GetPackagingDeliveryCharge() called
INFO  03:50:34 GetPackagingDeliveryCharge() called
INFO  03:50:49 GetPackagingDeliveryCharge() called
INFO  03:50:53 GetPackagingDeliveryCharge() called
INFO  03:51:04 GetPackagingDeliveryCharge() called
INFO  06:11:05 Application started. Press Ctrl+C to shut down.
INFO  06:11:06 Application started. Press Ctrl+C to shut down.
INFO  06:11:06 Hosting environment: Development
INFO  06:11:06 Hosting environment: Development
INFO  06:11:06 Content root path: C:\Users\user\source\repos\PackagingAndDelivery
INFO  06:11:06 Content root path: C:\Users\user\source\repos\PackagingAndDelivery
ERROR 06:11:09 An unhandled exception has occurred while executing the request.
System.InvalidOperationException: Unable to resolve service for type 'PackagingAndDelivery.Repository.ICharges' while attempting to activate 'PackagingAndDelivery.Controllers.GetPackagingDeliveryChargeController'.
   at Microsoft.Extensions.DependencyInjection.ActivatorUtilities.GetService(IServiceProvider sp, Type type, Type requiredBy, Boolean isDefaultParameterRequired)
   at lambda_method(Closure , IServiceProvider , Object[] )
   at Microsoft.AspNetCore.Mvc.Controllers.ControllerActivatorProvider.<>c__DisplayClass4_0.<CreateActivator>b__0(ControllerContext controllerContext)
   at Microsoft.AspNetCore.Mvc.Controllers.ControllerFactoryProvider.<>c__DisplayClass5_0.<CreateControllerFactory>g__CreateController|0(ControllerContext controllerContext)
   at Microsoft.AspNetCore.Mvc.Infrastructure.ControllerActionInvoker.Next(State& next, Scope& scope, Object& state, Boolean& isCompleted)
   at Microsoft.AspNetCore.Mvc.Infrastructure.ControllerActionInvoker.InvokeInnerFilterAsync()
--- End of stack trace from previous location where exception was thrown ---
   at Microsoft.AspNetCore.Mvc.Infrastructure.ResourceInvoker.<InvokeFilterPipelineAsync>g__Awaited|19_0(ResourceInvoker invoker, Task lastTask, State next, Scope scope, Object state, Boolean isCompleted)
   at Microsoft.AspNetCore.Mvc.Infrastructure.ResourceInvoker.<InvokeAsync>g__Awaited|17_0(ResourceInvoker invoker, Task task, IDisposable scope)
   at Microsoft.AspNetCore.Routing.EndpointMiddleware.<Invoke>g__AwaitRequestTask|6_0(Endpoint endpoint, Task requestTask, ILogger logger)
   at Microsoft.AspNetCore.Authorization.AuthorizationMiddleware.Invoke(HttpContext context)
   at Microsoft.AspNetCore.Routing.EndpointRoutingMiddleware.<Invoke>g__AwaitMatcher|8_0(EndpointRoutingMiddleware middleware, HttpContext httpContext, Task`1 matcherTask)
   at Swashbuckle.AspNetCore.SwaggerUI.SwaggerUIMiddleware.Invoke(HttpContext httpContext)
   at Swashbuckle.AspNetCore.Swagger.SwaggerMiddleware.Invoke(HttpContext httpContext, ISwaggerProvider swaggerProvider)
   at Microsoft.AspNetCore.Diagnostics.DeveloperExceptionPageMiddleware.Invoke(HttpContext context)
ERROR 06:11:09 An unhandled exception has occurred while executing the request.
System.InvalidOperationException: Unable to resolve service for type 'PackagingAndDelivery.Repository.ICharges' while attempting to activate 'PackagingAndDelivery.Controllers.GetPackagingDeliveryChargeController'.
   at Microsoft.Extensions.DependencyInjection.ActivatorUtilities.GetService(IServiceProvider sp, Type type, Type requiredBy, Boolean isDefaultParameterRequired)
   at lambda_method(Closure , IServiceProvider , Object[] )
   at Microsoft.AspNetCore.Mvc.Controllers.ControllerActivatorProvider.<>c__DisplayClass4_0.<CreateActivator>b__0(ControllerContext controllerContext)
   at Microsoft.AspNetCore.Mvc.Controllers.ControllerFactoryProvider.<>c__DisplayClass5_0.<CreateControllerFactory>g__CreateController|0(ControllerContext controllerContext)
   at Microsoft.AspNetCore.Mvc.Infrastructure.ControllerActionInvoker.Next(State& next, Scope& scope, Object& state, Boolean& isCompleted)
   at Microsoft.AspNetCore.Mvc.Infrastructure.ControllerActionInvoker.InvokeInnerFilterAsync()
--- End of stack trace from previous location where exception was thrown ---
   at Microsoft.AspNetCore.Mvc.Infrastructure.ResourceInvoker.<InvokeFilterPipelineAsync>g__Awaited|19_0(ResourceInvoker invoker, Task lastTask, State next, Scope scope, Object state, Boolean isCompleted)
   at Microsoft.AspNetCore.Mvc.Infrastructure.ResourceInvoker.<InvokeAsync>g__Awaited|17_0(ResourceInvoker invoker, Task task, IDisposable scope)
   at Microsoft.AspNetCore.Routing.EndpointMiddleware.<Invoke>g__AwaitRequestTask|6_0(Endpoint endpoint, Task requestTask, ILogger logger)
   at Microsoft.AspNetCore.Authorization.AuthorizationMiddleware.Invoke(HttpContext context)
   at Microsoft.AspNetCore.Routing.EndpointRoutingMiddleware.<Invoke>g__AwaitMatcher|8_0(EndpointRoutingMiddleware middleware, HttpContext httpContext, Task`1 matcherTask)
   at Swashbuckle.AspNetCore.SwaggerUI.SwaggerUIMiddleware.Invoke(HttpContext httpContext)
   at Swashbuckle.AspNetCore.Swagger.SwaggerMiddleware.Invoke(HttpContext httpContext, ISwaggerProvider swaggerProvider)
   at Microsoft.AspNetCore.Diagnostics.DeveloperExceptionPageMiddleware.Invoke(HttpContext context)
ERROR 06:11:09 An unhandled exception has occurred while executing the request.
System.InvalidOperationException: Unable to resolve service for type 'PackagingAndDelivery.Repository.ICharges' while attempting to activate 'PackagingAndDelivery.Controllers.GetPackagingDeliveryChargeController'.
   at Microsoft.Extensions.DependencyInjection.ActivatorUtilities.GetService(IServiceProvider sp, Type type, Type requiredBy, Boolean isDefaultParameterRequired)
   at lambda_method(Closure , IServiceProvider , Object[] )
   at Microsoft.AspNetCore.Mvc.Controllers.ControllerActivatorProvider.<>c__DisplayClass4_0.<CreateActivator>b__0(ControllerContext controllerContext)
   at Microsoft.AspNetCore.Mvc.Controllers.ControllerFactoryProvider.<>c__DisplayClass5_0.<CreateControllerFactory>g__CreateController|0(ControllerContext controllerContext)
   at Microsoft.AspNetCore.Mvc.Infrastructure.ControllerActionInvoker.Next(State& next, Scope& scope, Object& state, Boolean& isCompleted)
   at Microsoft.AspNetCore.Mvc.Infrastructure.ControllerActionInvoker.InvokeInnerFilterAsync()
--- End of stack trace from previous location where exception was thrown ---
   at Microsoft.AspNetCore.Mvc.Infrastructure.ResourceInvoker.<InvokeFilterPipelineAsync>g__Awaited|19_0(ResourceInvoker invoker, Task lastTask, State next, Scope scope, Object state, Boolean isCompleted)
   at Microsoft.AspNetCore.Mvc.Infrastructure.ResourceInvoker.<InvokeAsync>g__Awaited|17_0(ResourceInvoker invoker, Task task, IDisposable scope)
   at Microsoft.AspNetCore.Routing.EndpointMiddleware.<Invoke>g__AwaitRequestTask|6_0(Endpoint endpoint, Task requestTask, ILogger logger)
   at Microsoft.AspNetCore.Authorization.AuthorizationMiddleware.Invoke(HttpContext context)
   at Swashbuckle.AspNetCore.SwaggerUI.SwaggerUIMiddleware.Invoke(HttpContext httpContext)
   at Swashbuckle.AspNetCore.Swagger.SwaggerMiddleware.Invoke(HttpContext httpContext, ISwaggerProvider swaggerProvider)
   at Microsoft.AspNetCore.Diagnostics.DeveloperExceptionPageMiddleware.Invoke(HttpContext context)
ERROR 06:11:09 An unhandled exception has occurred while executing the request.
System.InvalidOperationException: Unable to resolve service for type 'PackagingAndDelivery.Repository.ICharges' while attempting to activate 'PackagingAndDelivery.Controllers.GetPackagingDeliveryChargeController'.
   at Microsoft.Extensions.DependencyInjection.ActivatorUtilities.GetService(IServiceProvider sp, Type type, Type requiredBy, Boolean isDefaultParameterRequired)
   at lambda_method(Closure , IServiceProvider , Object[] )
   at Microsoft.AspNetCore.Mvc.Controllers.ControllerActivatorProvider.<>c__DisplayClass4_0.<CreateActivator>b__0(ControllerContext controllerContext)
   at Microsoft.AspNetCore.Mvc.Controllers.ControllerFactoryProvider.<>c__DisplayClass5_0.<CreateControllerFactory>g__CreateController|0(ControllerContext controllerContext)
   at Microsoft.AspNetCore.Mvc.Infrastructure.ControllerActionInvoker.Next(State& next, Scope& scope, Object& state, Boolean& isCompleted)
   at Microsoft.AspNetCore.Mvc.Infrastructure.ControllerActionInvoker.InvokeInnerFilterAsync()
--- End of stack trace from previous location where exception was thrown ---
   at Microsoft.AspNetCore.Mvc.Infrastructure.ResourceInvoker.<InvokeFilterPipelineAsync>g__Awaited|19_0(ResourceInvoker invoker, Task lastTask, State next, Scope scope, Object state, Boolean isCompleted)
   at Microsoft.AspNetCore.Mvc.Infrastructure.ResourceInvoker.<InvokeAsync>g__Awaited|17_0(ResourceInvoker invoker, Task task, IDisposable scope)
   at Microsoft.AspNetCore.Routing.EndpointMiddleware.<Invoke>g__AwaitRequestTask|6_0(Endpoint endpoint, Task requestTask, ILogger logger)
   at Microsoft.AspNetCore.Authorization.AuthorizationMiddleware.Invoke(HttpContext context)
   at Swashbuckle.AspNetCore.SwaggerUI.SwaggerUIMiddleware.Invoke(HttpContext httpContext)
   at Swashbuckle.AspNetCore.Swagger.SwaggerMiddleware.Invoke(HttpContext httpContext, ISwaggerProvider swaggerProvider)
   at Microsoft.AspNetCore.Diagnostics.DeveloperExceptionPageMiddleware.Invoke(HttpContext context)
INFO  06:13:06 Application started. Press Ctrl+C to shut down.
INFO  06:13:06 Application started. Press Ctrl+C to shut down.
INFO  06:13:06 Hosting environment: Development
INFO  06:13:06 Hosting environment: Development
INFO  06:13:06 Content root path: C:\Users\user\source\repos\PackagingAndDelivery
INFO  06:13:06 Content root path: C:\Users\user\source\repos\PackagingAndDelivery
ERROR 06:13:08 An unhandled exception has occurred while executing the request.
System.InvalidOperationException: Unable to resolve service for type 'PackagingAndDelivery.Repository.ICharges' while attempting to activate 'PackagingAndDelivery.Controllers.GetPackagingDeliveryChargeController'.
   at Microsoft.Extensions.DependencyInjection.ActivatorUtilities.GetService(IServiceProvider sp, Type type, Type requiredBy, Boolean isDefaultParameterRequired)
   at lambda_method(Closure , IServiceProvider , Object[] )
   at Microsoft.AspNetCore.Mvc.Controllers.ControllerActivatorProvider.<>c__DisplayClass4_0.<CreateActivator>b__0(ControllerContext controllerContext)
   at Microsoft.AspNetCore.Mvc.Controllers.ControllerFactoryProvider.<>c__DisplayClass5_0.<CreateControllerFactory>g__CreateController|0(ControllerContext controllerContext)
   at Microsoft.AspNetCore.Mvc.Infrastructure.ControllerActionInvoker.Next(State& next, Scope& scope, Object& state, Boolean& isCompleted)
   at Microsoft.AspNetCore.Mvc.Infrastructure.ControllerActionInvoker.InvokeInnerFilterAsync()
--- End of stack trace from previous location where exception was thrown ---
   at Microsoft.AspNetCore.Mvc.Infrastructure.ResourceInvoker.<InvokeFilterPipelineAsync>g__Awaited|19_0(ResourceInvoker invoker, Task lastTask, State next, Scope scope, Object state, Boolean isCompleted)
   at Microsoft.AspNetCore.Mvc.Infrastructure.ResourceInvoker.<InvokeAsync>g__Awaited|17_0(ResourceInvoker invoker, Task task, IDisposable scope)
   at Microsoft.AspNetCore.Routing.EndpointMiddleware.<Invoke>g__AwaitRequestTask|6_0(Endpoint endpoint, Task requestTask, ILogger logger)
   at Microsoft.AspNetCore.Authorization.AuthorizationMiddleware.Invoke(HttpContext context)
   at Swashbuckle.AspNetCore.SwaggerUI.SwaggerUIMiddleware.Invoke(HttpContext httpContext)
   at Swashbuckle.AspNetCore.Swagger.SwaggerMiddleware.Invoke(HttpContext httpContext, ISwaggerProvider swaggerProvider)
   at Microsoft.AspNetCore.Diagnostics.DeveloperExceptionPageMiddleware.Invoke(HttpContext context)
ERROR 06:13:08 An unhandled exception has occurred while executing the request.
System.InvalidOperationException: Unable to resolve service for type 'PackagingAndDelivery.Repository.ICharges' while attempting to activate 'PackagingAndDelivery.Controllers.GetPackagingDeliveryChargeController'.
   at Microsoft.Extensions.DependencyInjection.ActivatorUtilities.GetService(IServiceProvider sp, Type type, Type requiredBy, Boolean isDefaultParameterRequired)
   at lambda_method(Closure , IServiceProvider , Object[] )
   at Microsoft.AspNetCore.Mvc.Controllers.ControllerActivatorProvider.<>c__DisplayClass4_0.<CreateActivator>b__0(ControllerContext controllerContext)
   at Microsoft.AspNetCore.Mvc.Controllers.ControllerFactoryProvider.<>c__DisplayClass5_0.<CreateControllerFactory>g__CreateController|0(ControllerContext controllerContext)
   at Microsoft.AspNetCore.Mvc.Infrastructure.ControllerActionInvoker.Next(State& next, Scope& scope, Object& state, Boolean& isCompleted)
   at Microsoft.AspNetCore.Mvc.Infrastructure.ControllerActionInvoker.InvokeInnerFilterAsync()
--- End of stack trace from previous location where exception was thrown ---
   at Microsoft.AspNetCore.Mvc.Infrastructure.ResourceInvoker.<InvokeFilterPipelineAsync>g__Awaited|19_0(ResourceInvoker invoker, Task lastTask, State next, Scope scope, Object state, Boolean isCompleted)
   at Microsoft.AspNetCore.Mvc.Infrastructure.ResourceInvoker.<InvokeAsync>g__Awaited|17_0(ResourceInvoker invoker, Task task, IDisposable scope)
   at Microsoft.AspNetCore.Routing.EndpointMiddleware.<Invoke>g__AwaitRequestTask|6_0(Endpoint endpoint, Task requestTask, ILogger logger)
   at Microsoft.AspNetCore.Authorization.AuthorizationMiddleware.Invoke(HttpContext context)
   at Swashbuckle.AspNetCore.SwaggerUI.SwaggerUIMiddleware.Invoke(HttpContext httpContext)
   at Swashbuckle.AspNetCore.Swagger.SwaggerMiddleware.Invoke(HttpContext httpContext, ISwaggerProvider swaggerProvider)
   at Microsoft.AspNetCore.Diagnostics.DeveloperExceptionPageMiddleware.Invoke(HttpContext context)
ERROR 06:13:44 An unhandled exception has occurred while executing the request.
System.InvalidOperationException: Unable to resolve service for type 'PackagingAndDelivery.Repository.ICharges' while attempting to activate 'PackagingAndDelivery.Controllers.GetPackagingDeliveryChargeController'.
   at Microsoft.Extensions.DependencyInjection.ActivatorUtilities.GetService(IServiceProvider sp, Type type, Type requiredBy, Boolean isDefaultParameterRequired)
   at lambda_method(Closure , IServiceProvider , Object[] )
   at Microsoft.AspNetCore.Mvc.Controllers.ControllerActivatorProvider.<>c__DisplayClass4_0.<CreateActivator>b__0(ControllerContext controllerContext)
   at Microsoft.AspNetCore.Mvc.Controllers.ControllerFactoryProvider.<>c__DisplayClass5_0.<CreateControllerFactory>g__CreateController|0(ControllerContext controllerContext)
   at Microsoft.AspNetCore.Mvc.Infrastructure.ControllerActionInvoker.Next(State& next, Scope& scope, Object& state, Boolean& isCompleted)
   at Microsoft.AspNetCore.Mvc.Infrastructure.ControllerActionInvoker.InvokeInnerFilterAsync()
--- End of stack trace from previous location where exception was thrown ---
   at Microsoft.AspNetCore.Mvc.Infrastructure.ResourceInvoker.<InvokeFilterPipelineAsync>g__Awaited|19_0(ResourceInvoker invoker, Task lastTask, State next, Scope scope, Object state, Boolean isCompleted)
   at Microsoft.AspNetCore.Mvc.Infrastructure.ResourceInvoker.<InvokeAsync>g__Awaited|17_0(ResourceInvoker invoker, Task task, IDisposable scope)
   at Microsoft.AspNetCore.Routing.EndpointMiddleware.<Invoke>g__AwaitRequestTask|6_0(Endpoint endpoint, Task requestTask, ILogger logger)
   at Microsoft.AspNetCore.Authorization.AuthorizationMiddleware.Invoke(HttpContext context)
   at Swashbuckle.AspNetCore.SwaggerUI.SwaggerUIMiddleware.Invoke(HttpContext httpContext)
   at Swashbuckle.AspNetCore.Swagger.SwaggerMiddleware.Invoke(HttpContext httpContext, ISwaggerProvider swaggerProvider)
   at Microsoft.AspNetCore.Diagnostics.DeveloperExceptionPageMiddleware.Invoke(HttpContext context)
ERROR 06:13:44 An unhandled exception has occurred while executing the request.
System.InvalidOperationException: Unable to resolve service for type 'PackagingAndDelivery.Repository.ICharges' while attempting to activate 'PackagingAndDelivery.Controllers.GetPackagingDeliveryChargeController'.
   at Microsoft.Extensions.DependencyInjection.ActivatorUtilities.GetService(IServiceProvider sp, Type type, Type requiredBy, Boolean isDefaultParameterRequired)
   at lambda_method(Closure , IServiceProvider , Object[] )
   at Microsoft.AspNetCore.Mvc.Controllers.ControllerActivatorProvider.<>c__DisplayClass4_0.<CreateActivator>b__0(ControllerContext controllerContext)
   at Microsoft.AspNetCore.Mvc.Controllers.ControllerFactoryProvider.<>c__DisplayClass5_0.<CreateControllerFactory>g__CreateController|0(ControllerContext controllerContext)
   at Microsoft.AspNetCore.Mvc.Infrastructure.ControllerActionInvoker.Next(State& next, Scope& scope, Object& state, Boolean& isCompleted)
   at Microsoft.AspNetCore.Mvc.Infrastructure.ControllerActionInvoker.InvokeInnerFilterAsync()
--- End of stack trace from previous location where exception was thrown ---
   at Microsoft.AspNetCore.Mvc.Infrastructure.ResourceInvoker.<InvokeFilterPipelineAsync>g__Awaited|19_0(ResourceInvoker invoker, Task lastTask, State next, Scope scope, Object state, Boolean isCompleted)
   at Microsoft.AspNetCore.Mvc.Infrastructure.ResourceInvoker.<InvokeAsync>g__Awaited|17_0(ResourceInvoker invoker, Task task, IDisposable scope)
   at Microsoft.AspNetCore.Routing.EndpointMiddleware.<Invoke>g__AwaitRequestTask|6_0(Endpoint endpoint, Task requestTask, ILogger logger)
   at Microsoft.AspNetCore.Authorization.AuthorizationMiddleware.Invoke(HttpContext context)
   at Swashbuckle.AspNetCore.SwaggerUI.SwaggerUIMiddleware.Invoke(HttpContext httpContext)
   at Swashbuckle.AspNetCore.Swagger.SwaggerMiddleware.Invoke(HttpContext httpContext, ISwaggerProvider swaggerProvider)
   at Microsoft.AspNetCore.Diagnostics.DeveloperExceptionPageMiddleware.Invoke(HttpContext context)
INFO  06:17:55 Application started. Press Ctrl+C to shut down.
INFO  06:17:55 Application started. Press Ctrl+C to shut down.
INFO  06:17:55 Hosting environment: Development
INFO  06:17:55 Hosting environment: Development
INFO  06:17:55 Content root path: C:\Users\user\source\repos\PackagingAndDelivery
INFO  06:17:55 Content root path: C:\Users\user\source\repos\PackagingAndDelivery
ERROR 06:17:55 An unhandled exception has occurred while executing the request.
System.InvalidOperationException: Unable to resolve service for type 'PackagingAndDelivery.Repository.ICharges' while attempting to activate 'PackagingAndDelivery.Controllers.GetPackagingDeliveryChargeController'.
   at Microsoft.Extensions.DependencyInjection.ActivatorUtilities.GetService(IServiceProvider sp, Type type, Type requiredBy, Boolean isDefaultParameterRequired)
   at lambda_method(Closure , IServiceProvider , Object[] )
   at Microsoft.AspNetCore.Mvc.Controllers.ControllerActivatorProvider.<>c__DisplayClass4_0.<CreateActivator>b__0(ControllerContext controllerContext)
   at Microsoft.AspNetCore.Mvc.Controllers.ControllerFactoryProvider.<>c__DisplayClass5_0.<CreateControllerFactory>g__CreateController|0(ControllerContext controllerContext)
   at Microsoft.AspNetCore.Mvc.Infrastructure.ControllerActionInvoker.Next(State& next, Scope& scope, Object& state, Boolean& isCompleted)
   at Microsoft.AspNetCore.Mvc.Infrastructure.ControllerActionInvoker.InvokeInnerFilterAsync()
--- End of stack trace from previous location where exception was thrown ---
   at Microsoft.AspNetCore.Mvc.Infrastructure.ResourceInvoker.<InvokeFilterPipelineAsync>g__Awaited|19_0(ResourceInvoker invoker, Task lastTask, State next, Scope scope, Object state, Boolean isCompleted)
   at Microsoft.AspNetCore.Mvc.Infrastructure.ResourceInvoker.<InvokeAsync>g__Awaited|17_0(ResourceInvoker invoker, Task task, IDisposable scope)
   at Microsoft.AspNetCore.Routing.EndpointMiddleware.<Invoke>g__AwaitRequestTask|6_0(Endpoint endpoint, Task requestTask, ILogger logger)
   at Microsoft.AspNetCore.Authorization.AuthorizationMiddleware.Invoke(HttpContext context)
   at Swashbuckle.AspNetCore.SwaggerUI.SwaggerUIMiddleware.Invoke(HttpContext httpContext)
   at Swashbuckle.AspNetCore.Swagger.SwaggerMiddleware.Invoke(HttpContext httpContext, ISwaggerProvider swaggerProvider)
   at Microsoft.AspNetCore.Diagnostics.DeveloperExceptionPageMiddleware.Invoke(HttpContext context)
ERROR 06:17:55 An unhandled exception has occurred while executing the request.
System.InvalidOperationException: Unable to resolve service for type 'PackagingAndDelivery.Repository.ICharges' while attempting to activate 'PackagingAndDelivery.Controllers.GetPackagingDeliveryChargeController'.
   at Microsoft.Extensions.DependencyInjection.ActivatorUtilities.GetService(IServiceProvider sp, Type type, Type requiredBy, Boolean isDefaultParameterRequired)
   at lambda_method(Closure , IServiceProvider , Object[] )
   at Microsoft.AspNetCore.Mvc.Controllers.ControllerActivatorProvider.<>c__DisplayClass4_0.<CreateActivator>b__0(ControllerContext controllerContext)
   at Microsoft.AspNetCore.Mvc.Controllers.ControllerFactoryProvider.<>c__DisplayClass5_0.<CreateControllerFactory>g__CreateController|0(ControllerContext controllerContext)
   at Microsoft.AspNetCore.Mvc.Infrastructure.ControllerActionInvoker.Next(State& next, Scope& scope, Object& state, Boolean& isCompleted)
   at Microsoft.AspNetCore.Mvc.Infrastructure.ControllerActionInvoker.InvokeInnerFilterAsync()
--- End of stack trace from previous location where exception was thrown ---
   at Microsoft.AspNetCore.Mvc.Infrastructure.ResourceInvoker.<InvokeFilterPipelineAsync>g__Awaited|19_0(ResourceInvoker invoker, Task lastTask, State next, Scope scope, Object state, Boolean isCompleted)
   at Microsoft.AspNetCore.Mvc.Infrastructure.ResourceInvoker.<InvokeAsync>g__Awaited|17_0(ResourceInvoker invoker, Task task, IDisposable scope)
   at Microsoft.AspNetCore.Routing.EndpointMiddleware.<Invoke>g__AwaitRequestTask|6_0(Endpoint endpoint, Task requestTask, ILogger logger)
   at Microsoft.AspNetCore.Authorization.AuthorizationMiddleware.Invoke(HttpContext context)
   at Swashbuckle.AspNetCore.SwaggerUI.SwaggerUIMiddleware.Invoke(HttpContext httpContext)
   at Swashbuckle.AspNetCore.Swagger.SwaggerMiddleware.Invoke(HttpContext httpContext, ISwaggerProvider swaggerProvider)
   at Microsoft.AspNetCore.Diagnostics.DeveloperExceptionPageMiddleware.Invoke(HttpContext context)
ERROR 06:18:09 An unhandled exception has occurred while executing the request.
System.InvalidOperationException: Unable to resolve service for type 'PackagingAndDelivery.Repository.ICharges' while attempting to activate 'PackagingAndDelivery.Controllers.GetPackagingDeliveryChargeController'.
   at Microsoft.Extensions.DependencyInjection.ActivatorUtilities.GetService(IServiceProvider sp, Type type, Type requiredBy, Boolean isDefaultParameterRequired)
   at lambda_method(Closure , IServiceProvider , Object[] )
   at Microsoft.AspNetCore.Mvc.Controllers.ControllerActivatorProvider.<>c__DisplayClass4_0.<CreateActivator>b__0(ControllerContext controllerContext)
   at Microsoft.AspNetCore.Mvc.Controllers.ControllerFactoryProvider.<>c__DisplayClass5_0.<CreateControllerFactory>g__CreateController|0(ControllerContext controllerContext)
   at Microsoft.AspNetCore.Mvc.Infrastructure.ControllerActionInvoker.Next(State& next, Scope& scope, Object& state, Boolean& isCompleted)
   at Microsoft.AspNetCore.Mvc.Infrastructure.ControllerActionInvoker.InvokeInnerFilterAsync()
--- End of stack trace from previous location where exception was thrown ---
   at Microsoft.AspNetCore.Mvc.Infrastructure.ResourceInvoker.<InvokeFilterPipelineAsync>g__Awaited|19_0(ResourceInvoker invoker, Task lastTask, State next, Scope scope, Object state, Boolean isCompleted)
   at Microsoft.AspNetCore.Mvc.Infrastructure.ResourceInvoker.<InvokeAsync>g__Awaited|17_0(ResourceInvoker invoker, Task task, IDisposable scope)
   at Microsoft.AspNetCore.Routing.EndpointMiddleware.<Invoke>g__AwaitRequestTask|6_0(Endpoint endpoint, Task requestTask, ILogger logger)
   at Microsoft.AspNetCore.Authorization.AuthorizationMiddleware.Invoke(HttpContext context)
   at Swashbuckle.AspNetCore.SwaggerUI.SwaggerUIMiddleware.Invoke(HttpContext httpContext)
   at Swashbuckle.AspNetCore.Swagger.SwaggerMiddleware.Invoke(HttpContext httpContext, ISwaggerProvider swaggerProvider)
   at Microsoft.AspNetCore.Diagnostics.DeveloperExceptionPageMiddleware.Invoke(HttpContext context)
ERROR 06:18:09 An unhandled exception has occurred while executing the request.
System.InvalidOperationException: Unable to resolve service for type 'PackagingAndDelivery.Repository.ICharges' while attempting to activate 'PackagingAndDelivery.Controllers.GetPackagingDeliveryChargeController'.
   at Microsoft.Extensions.DependencyInjection.ActivatorUtilities.GetService(IServiceProvider sp, Type type, Type requiredBy, Boolean isDefaultParameterRequired)
   at lambda_method(Closure , IServiceProvider , Object[] )
   at Microsoft.AspNetCore.Mvc.Controllers.ControllerActivatorProvider.<>c__DisplayClass4_0.<CreateActivator>b__0(ControllerContext controllerContext)
   at Microsoft.AspNetCore.Mvc.Controllers.ControllerFactoryProvider.<>c__DisplayClass5_0.<CreateControllerFactory>g__CreateController|0(ControllerContext controllerContext)
   at Microsoft.AspNetCore.Mvc.Infrastructure.ControllerActionInvoker.Next(State& next, Scope& scope, Object& state, Boolean& isCompleted)
   at Microsoft.AspNetCore.Mvc.Infrastructure.ControllerActionInvoker.InvokeInnerFilterAsync()
--- End of stack trace from previous location where exception was thrown ---
   at Microsoft.AspNetCore.Mvc.Infrastructure.ResourceInvoker.<InvokeFilterPipelineAsync>g__Awaited|19_0(ResourceInvoker invoker, Task lastTask, State next, Scope scope, Object state, Boolean isCompleted)
   at Microsoft.AspNetCore.Mvc.Infrastructure.ResourceInvoker.<InvokeAsync>g__Awaited|17_0(ResourceInvoker invoker, Task task, IDisposable scope)
   at Microsoft.AspNetCore.Routing.EndpointMiddleware.<Invoke>g__AwaitRequestTask|6_0(Endpoint endpoint, Task requestTask, ILogger logger)
   at Microsoft.AspNetCore.Authorization.AuthorizationMiddleware.Invoke(HttpContext context)
   at Swashbuckle.AspNetCore.SwaggerUI.SwaggerUIMiddleware.Invoke(HttpContext httpContext)
   at Swashbuckle.AspNetCore.Swagger.SwaggerMiddleware.Invoke(HttpContext httpContext, ISwaggerProvider swaggerProvider)
   at Microsoft.AspNetCore.Diagnostics.DeveloperExceptionPageMiddleware.Invoke(HttpContext context)
INFO  06:19:23 Application started. Press Ctrl+C to shut down.
INFO  06:19:23 Application started. Press Ctrl+C to shut down.
INFO  06:19:23 Hosting environment: Development
INFO  06:19:23 Hosting environment: Development
INFO  06:19:23 Content root path: C:\Users\user\source\repos\PackagingAndDelivery
INFO  06:19:23 Content root path: C:\Users\user\source\repos\PackagingAndDelivery
ERROR 06:19:23 An unhandled exception has occurred while executing the request.
System.InvalidOperationException: Unable to resolve service for type 'PackagingAndDelivery.Repository.ICharges' while attempting to activate 'PackagingAndDelivery.Controllers.GetPackagingDeliveryChargeController'.
   at Microsoft.Extensions.DependencyInjection.ActivatorUtilities.GetService(IServiceProvider sp, Type type, Type requiredBy, Boolean isDefaultParameterRequired)
   at lambda_method(Closure , IServiceProvider , Object[] )
   at Microsoft.AspNetCore.Mvc.Controllers.ControllerActivatorProvider.<>c__DisplayClass4_0.<CreateActivator>b__0(ControllerContext controllerContext)
   at Microsoft.AspNetCore.Mvc.Controllers.ControllerFactoryProvider.<>c__DisplayClass5_0.<CreateControllerFactory>g__CreateController|0(ControllerContext controllerContext)
   at Microsoft.AspNetCore.Mvc.Infrastructure.ControllerActionInvoker.Next(State& next, Scope& scope, Object& state, Boolean& isCompleted)
   at Microsoft.AspNetCore.Mvc.Infrastructure.ControllerActionInvoker.InvokeInnerFilterAsync()
--- End of stack trace from previous location where exception was thrown ---
   at Microsoft.AspNetCore.Mvc.Infrastructure.ResourceInvoker.<InvokeFilterPipelineAsync>g__Awaited|19_0(ResourceInvoker invoker, Task lastTask, State next, Scope scope, Object state, Boolean isCompleted)
   at Microsoft.AspNetCore.Mvc.Infrastructure.ResourceInvoker.<InvokeAsync>g__Awaited|17_0(ResourceInvoker invoker, Task task, IDisposable scope)
   at Microsoft.AspNetCore.Routing.EndpointMiddleware.<Invoke>g__AwaitRequestTask|6_0(Endpoint endpoint, Task requestTask, ILogger logger)
   at Microsoft.AspNetCore.Authorization.AuthorizationMiddleware.Invoke(HttpContext context)
   at Swashbuckle.AspNetCore.SwaggerUI.SwaggerUIMiddleware.Invoke(HttpContext httpContext)
   at Swashbuckle.AspNetCore.Swagger.SwaggerMiddleware.Invoke(HttpContext httpContext, ISwaggerProvider swaggerProvider)
   at Microsoft.AspNetCore.Diagnostics.DeveloperExceptionPageMiddleware.Invoke(HttpContext context)
ERROR 06:19:23 An unhandled exception has occurred while executing the request.
System.InvalidOperationException: Unable to resolve service for type 'PackagingAndDelivery.Repository.ICharges' while attempting to activate 'PackagingAndDelivery.Controllers.GetPackagingDeliveryChargeController'.
   at Microsoft.Extensions.DependencyInjection.ActivatorUtilities.GetService(IServiceProvider sp, Type type, Type requiredBy, Boolean isDefaultParameterRequired)
   at lambda_method(Closure , IServiceProvider , Object[] )
   at Microsoft.AspNetCore.Mvc.Controllers.ControllerActivatorProvider.<>c__DisplayClass4_0.<CreateActivator>b__0(ControllerContext controllerContext)
   at Microsoft.AspNetCore.Mvc.Controllers.ControllerFactoryProvider.<>c__DisplayClass5_0.<CreateControllerFactory>g__CreateController|0(ControllerContext controllerContext)
   at Microsoft.AspNetCore.Mvc.Infrastructure.ControllerActionInvoker.Next(State& next, Scope& scope, Object& state, Boolean& isCompleted)
   at Microsoft.AspNetCore.Mvc.Infrastructure.ControllerActionInvoker.InvokeInnerFilterAsync()
--- End of stack trace from previous location where exception was thrown ---
   at Microsoft.AspNetCore.Mvc.Infrastructure.ResourceInvoker.<InvokeFilterPipelineAsync>g__Awaited|19_0(ResourceInvoker invoker, Task lastTask, State next, Scope scope, Object state, Boolean isCompleted)
   at Microsoft.AspNetCore.Mvc.Infrastructure.ResourceInvoker.<InvokeAsync>g__Awaited|17_0(ResourceInvoker invoker, Task task, IDisposable scope)
   at Microsoft.AspNetCore.Routing.EndpointMiddleware.<Invoke>g__AwaitRequestTask|6_0(Endpoint endpoint, Task requestTask, ILogger logger)
   at Microsoft.AspNetCore.Authorization.AuthorizationMiddleware.Invoke(HttpContext context)
   at Swashbuckle.AspNetCore.SwaggerUI.SwaggerUIMiddleware.Invoke(HttpContext httpContext)
   at Swashbuckle.AspNetCore.Swagger.SwaggerMiddleware.Invoke(HttpContext httpContext, ISwaggerProvider swaggerProvider)
   at Microsoft.AspNetCore.Diagnostics.DeveloperExceptionPageMiddleware.Invoke(HttpContext context)
ERROR 06:19:30 An unhandled exception has occurred while executing the request.
System.InvalidOperationException: Unable to resolve service for type 'PackagingAndDelivery.Repository.ICharges' while attempting to activate 'PackagingAndDelivery.Controllers.GetPackagingDeliveryChargeController'.
   at Microsoft.Extensions.DependencyInjection.ActivatorUtilities.GetService(IServiceProvider sp, Type type, Type requiredBy, Boolean isDefaultParameterRequired)
   at lambda_method(Closure , IServiceProvider , Object[] )
   at Microsoft.AspNetCore.Mvc.Controllers.ControllerActivatorProvider.<>c__DisplayClass4_0.<CreateActivator>b__0(ControllerContext controllerContext)
   at Microsoft.AspNetCore.Mvc.Controllers.ControllerFactoryProvider.<>c__DisplayClass5_0.<CreateControllerFactory>g__CreateController|0(ControllerContext controllerContext)
   at Microsoft.AspNetCore.Mvc.Infrastructure.ControllerActionInvoker.Next(State& next, Scope& scope, Object& state, Boolean& isCompleted)
   at Microsoft.AspNetCore.Mvc.Infrastructure.ControllerActionInvoker.InvokeInnerFilterAsync()
--- End of stack trace from previous location where exception was thrown ---
   at Microsoft.AspNetCore.Mvc.Infrastructure.ResourceInvoker.<InvokeFilterPipelineAsync>g__Awaited|19_0(ResourceInvoker invoker, Task lastTask, State next, Scope scope, Object state, Boolean isCompleted)
   at Microsoft.AspNetCore.Mvc.Infrastructure.ResourceInvoker.<InvokeAsync>g__Awaited|17_0(ResourceInvoker invoker, Task task, IDisposable scope)
   at Microsoft.AspNetCore.Routing.EndpointMiddleware.<Invoke>g__AwaitRequestTask|6_0(Endpoint endpoint, Task requestTask, ILogger logger)
   at Microsoft.AspNetCore.Authorization.AuthorizationMiddleware.Invoke(HttpContext context)
   at Swashbuckle.AspNetCore.SwaggerUI.SwaggerUIMiddleware.Invoke(HttpContext httpContext)
   at Swashbuckle.AspNetCore.Swagger.SwaggerMiddleware.Invoke(HttpContext httpContext, ISwaggerProvider swaggerProvider)
   at Microsoft.AspNetCore.Diagnostics.DeveloperExceptionPageMiddleware.Invoke(HttpContext context)
ERROR 06:19:30 An unhandled exception has occurred while executing the request.
System.InvalidOperationException: Unable to resolve service for type 'PackagingAndDelivery.Repository.ICharges' while attempting to activate 'PackagingAndDelivery.Controllers.GetPackagingDeliveryChargeController'.
   at Microsoft.Extensions.DependencyInjection.ActivatorUtilities.GetService(IServiceProvider sp, Type type, Type requiredBy, Boolean isDefaultParameterRequired)
   at lambda_method(Closure , IServiceProvider , Object[] )
   at Microsoft.AspNetCore.Mvc.Controllers.ControllerActivatorProvider.<>c__DisplayClass4_0.<CreateActivator>b__0(ControllerContext controllerContext)
   at Microsoft.AspNetCore.Mvc.Controllers.ControllerFactoryProvider.<>c__DisplayClass5_0.<CreateControllerFactory>g__CreateController|0(ControllerContext controllerContext)
   at Microsoft.AspNetCore.Mvc.Infrastructure.ControllerActionInvoker.Next(State& next, Scope& scope, Object& state, Boolean& isCompleted)
   at Microsoft.AspNetCore.Mvc.Infrastructure.ControllerActionInvoker.InvokeInnerFilterAsync()
--- End of stack trace from previous location where exception was thrown ---
   at Microsoft.AspNetCore.Mvc.Infrastructure.ResourceInvoker.<InvokeFilterPipelineAsync>g__Awaited|19_0(ResourceInvoker invoker, Task lastTask, State next, Scope scope, Object state, Boolean isCompleted)
   at Microsoft.AspNetCore.Mvc.Infrastructure.ResourceInvoker.<InvokeAsync>g__Awaited|17_0(ResourceInvoker invoker, Task task, IDisposable scope)
   at Microsoft.AspNetCore.Routing.EndpointMiddleware.<Invoke>g__AwaitRequestTask|6_0(Endpoint endpoint, Task requestTask, ILogger logger)
   at Microsoft.AspNetCore.Authorization.AuthorizationMiddleware.Invoke(HttpContext context)
   at Swashbuckle.AspNetCore.SwaggerUI.SwaggerUIMiddleware.Invoke(HttpContext httpContext)
   at Swashbuckle.AspNetCore.Swagger.SwaggerMiddleware.Invoke(HttpContext httpContext, ISwaggerProvider swaggerProvider)
   at Microsoft.AspNetCore.Diagnostics.DeveloperExceptionPageMiddleware.Invoke(HttpContext context)
INFO  06:43:44 Application started. Press Ctrl+C to shut down.
INFO  06:43:44 Application started. Press Ctrl+C to shut down.
INFO  06:43:45 Hosting environment: Development
INFO  06:43:45 Hosting environment: Development
INFO  06:43:45 Content root path: C:\Users\user\source\repos\PackagingAndDelivery
INFO  06:43:45 Content root path: C:\Users\user\source\repos\PackagingAndDelivery
ERROR 06:43:46 An unhandled exception has occurred while executing the request.
System.InvalidOperationException: Unable to resolve service for type 'PackagingAndDelivery.Repository.ICharges' while attempting to activate 'PackagingAndDelivery.Controllers.GetPackagingDeliveryChargeController'.
   at Microsoft.Extensions.DependencyInjection.ActivatorUtilities.GetService(IServiceProvider sp, Type type, Type requiredBy, Boolean isDefaultParameterRequired)
   at lambda_method(Closure , IServiceProvider , Object[] )
   at Microsoft.AspNetCore.Mvc.Controllers.ControllerActivatorProvider.<>c__DisplayClass4_0.<CreateActivator>b__0(ControllerContext controllerContext)
   at Microsoft.AspNetCore.Mvc.Controllers.ControllerFactoryProvider.<>c__DisplayClass5_0.<CreateControllerFactory>g__CreateController|0(ControllerContext controllerContext)
   at Microsoft.AspNetCore.Mvc.Infrastructure.ControllerActionInvoker.Next(State& next, Scope& scope, Object& state, Boolean& isCompleted)
   at Microsoft.AspNetCore.Mvc.Infrastructure.ControllerActionInvoker.InvokeInnerFilterAsync()
--- End of stack trace from previous location where exception was thrown ---
   at Microsoft.AspNetCore.Mvc.Infrastructure.ResourceInvoker.<InvokeFilterPipelineAsync>g__Awaited|19_0(ResourceInvoker invoker, Task lastTask, State next, Scope scope, Object state, Boolean isCompleted)
   at Microsoft.AspNetCore.Mvc.Infrastructure.ResourceInvoker.<InvokeAsync>g__Awaited|17_0(ResourceInvoker invoker, Task task, IDisposable scope)
   at Microsoft.AspNetCore.Routing.EndpointMiddleware.<Invoke>g__AwaitRequestTask|6_0(Endpoint endpoint, Task requestTask, ILogger logger)
   at Microsoft.AspNetCore.Authorization.AuthorizationMiddleware.Invoke(HttpContext context)
   at Swashbuckle.AspNetCore.SwaggerUI.SwaggerUIMiddleware.Invoke(HttpContext httpContext)
   at Swashbuckle.AspNetCore.Swagger.SwaggerMiddleware.Invoke(HttpContext httpContext, ISwaggerProvider swaggerProvider)
   at Microsoft.AspNetCore.Diagnostics.DeveloperExceptionPageMiddleware.Invoke(HttpContext context)
ERROR 06:43:46 An unhandled exception has occurred while executing the request.
System.InvalidOperationException: Unable to resolve service for type 'PackagingAndDelivery.Repository.ICharges' while attempting to activate 'PackagingAndDelivery.Controllers.GetPackagingDeliveryChargeController'.
   at Microsoft.Extensions.DependencyInjection.ActivatorUtilities.GetService(IServiceProvider sp, Type type, Type requiredBy, Boolean isDefaultParameterRequired)
   at lambda_method(Closure , IServiceProvider , Object[] )
   at Microsoft.AspNetCore.Mvc.Controllers.ControllerActivatorProvider.<>c__DisplayClass4_0.<CreateActivator>b__0(ControllerContext controllerContext)
   at Microsoft.AspNetCore.Mvc.Controllers.ControllerFactoryProvider.<>c__DisplayClass5_0.<CreateControllerFactory>g__CreateController|0(ControllerContext controllerContext)
   at Microsoft.AspNetCore.Mvc.Infrastructure.ControllerActionInvoker.Next(State& next, Scope& scope, Object& state, Boolean& isCompleted)
   at Microsoft.AspNetCore.Mvc.Infrastructure.ControllerActionInvoker.InvokeInnerFilterAsync()
--- End of stack trace from previous location where exception was thrown ---
   at Microsoft.AspNetCore.Mvc.Infrastructure.ResourceInvoker.<InvokeFilterPipelineAsync>g__Awaited|19_0(ResourceInvoker invoker, Task lastTask, State next, Scope scope, Object state, Boolean isCompleted)
   at Microsoft.AspNetCore.Mvc.Infrastructure.ResourceInvoker.<InvokeAsync>g__Awaited|17_0(ResourceInvoker invoker, Task task, IDisposable scope)
   at Microsoft.AspNetCore.Routing.EndpointMiddleware.<Invoke>g__AwaitRequestTask|6_0(Endpoint endpoint, Task requestTask, ILogger logger)
   at Microsoft.AspNetCore.Authorization.AuthorizationMiddleware.Invoke(HttpContext context)
   at Swashbuckle.AspNetCore.SwaggerUI.SwaggerUIMiddleware.Invoke(HttpContext httpContext)
   at Swashbuckle.AspNetCore.Swagger.SwaggerMiddleware.Invoke(HttpContext httpContext, ISwaggerProvider swaggerProvider)
   at Microsoft.AspNetCore.Diagnostics.DeveloperExceptionPageMiddleware.Invoke(HttpContext context)
ERROR 06:56:12 An unhandled exception has occurred while executing the request.
System.InvalidOperationException: Unable to resolve service for type 'PackagingAndDelivery.Repository.ICharges' while attempting to activate 'PackagingAndDelivery.Controllers.GetPackagingDeliveryChargeController'.
   at Microsoft.Extensions.DependencyInjection.ActivatorUtilities.GetService(IServiceProvider sp, Type type, Type requiredBy, Boolean isDefaultParameterRequired)
   at lambda_method(Closure , IServiceProvider , Object[] )
   at Microsoft.AspNetCore.Mvc.Controllers.ControllerActivatorProvider.<>c__DisplayClass4_0.<CreateActivator>b__0(ControllerContext controllerContext)
   at Microsoft.AspNetCore.Mvc.Controllers.ControllerFactoryProvider.<>c__DisplayClass5_0.<CreateControllerFactory>g__CreateController|0(ControllerContext controllerContext)
   at Microsoft.AspNetCore.Mvc.Infrastructure.ControllerActionInvoker.Next(State& next, Scope& scope, Object& state, Boolean& isCompleted)
   at Microsoft.AspNetCore.Mvc.Infrastructure.ControllerActionInvoker.InvokeInnerFilterAsync()
--- End of stack trace from previous location where exception was thrown ---
   at Microsoft.AspNetCore.Mvc.Infrastructure.ResourceInvoker.<InvokeFilterPipelineAsync>g__Awaited|19_0(ResourceInvoker invoker, Task lastTask, State next, Scope scope, Object state, Boolean isCompleted)
   at Microsoft.AspNetCore.Mvc.Infrastructure.ResourceInvoker.<InvokeAsync>g__Awaited|17_0(ResourceInvoker invoker, Task task, IDisposable scope)
   at Microsoft.AspNetCore.Routing.EndpointMiddleware.<Invoke>g__AwaitRequestTask|6_0(Endpoint endpoint, Task requestTask, ILogger logger)
   at Microsoft.AspNetCore.Authorization.AuthorizationMiddleware.Invoke(HttpContext context)
   at Swashbuckle.AspNetCore.SwaggerUI.SwaggerUIMiddleware.Invoke(HttpContext httpContext)
   at Swashbuckle.AspNetCore.Swagger.SwaggerMiddleware.Invoke(HttpContext httpContext, ISwaggerProvider swaggerProvider)
   at Microsoft.AspNetCore.Diagnostics.DeveloperExceptionPageMiddleware.Invoke(HttpContext context)
ERROR 06:56:12 An unhandled exception has occurred while executing the request.
System.InvalidOperationException: Unable to resolve service for type 'PackagingAndDelivery.Repository.ICharges' while attempting to activate 'PackagingAndDelivery.Controllers.GetPackagingDeliveryChargeController'.
   at Microsoft.Extensions.DependencyInjection.ActivatorUtilities.GetService(IServiceProvider sp, Type type, Type requiredBy, Boolean isDefaultParameterRequired)
   at lambda_method(Closure , IServiceProvider , Object[] )
   at Microsoft.AspNetCore.Mvc.Controllers.ControllerActivatorProvider.<>c__DisplayClass4_0.<CreateActivator>b__0(ControllerContext controllerContext)
   at Microsoft.AspNetCore.Mvc.Controllers.ControllerFactoryProvider.<>c__DisplayClass5_0.<CreateControllerFactory>g__CreateController|0(ControllerContext controllerContext)
   at Microsoft.AspNetCore.Mvc.Infrastructure.ControllerActionInvoker.Next(State& next, Scope& scope, Object& state, Boolean& isCompleted)
   at Microsoft.AspNetCore.Mvc.Infrastructure.ControllerActionInvoker.InvokeInnerFilterAsync()
--- End of stack trace from previous location where exception was thrown ---
   at Microsoft.AspNetCore.Mvc.Infrastructure.ResourceInvoker.<InvokeFilterPipelineAsync>g__Awaited|19_0(ResourceInvoker invoker, Task lastTask, State next, Scope scope, Object state, Boolean isCompleted)
   at Microsoft.AspNetCore.Mvc.Infrastructure.ResourceInvoker.<InvokeAsync>g__Awaited|17_0(ResourceInvoker invoker, Task task, IDisposable scope)
   at Microsoft.AspNetCore.Routing.EndpointMiddleware.<Invoke>g__AwaitRequestTask|6_0(Endpoint endpoint, Task requestTask, ILogger logger)
   at Microsoft.AspNetCore.Authorization.AuthorizationMiddleware.Invoke(HttpContext context)
   at Swashbuckle.AspNetCore.SwaggerUI.SwaggerUIMiddleware.Invoke(HttpContext httpContext)
   at Swashbuckle.AspNetCore.Swagger.SwaggerMiddleware.Invoke(HttpContext httpContext, ISwaggerProvider swaggerProvider)
   at Microsoft.AspNetCore.Diagnostics.DeveloperExceptionPageMiddleware.Invoke(HttpContext context)
INFO  07:31:23 Application started. Press Ctrl+C to shut down.
INFO  07:31:23 Application started. Press Ctrl+C to shut down.
INFO  07:31:23 Hosting environment: Development
INFO  07:31:23 Hosting environment: Development
INFO  07:31:23 Content root path: C:\Users\user\source\repos\PackagingAndDelivery
INFO  07:31:23 Content root path: C:\Users\user\source\repos\PackagingAndDelivery
ERROR 07:31:25 An unhandled exception has occurred while executing the request.
System.InvalidOperationException: Unable to resolve service for type 'PackagingAndDelivery.Repository.ICharges' while attempting to activate 'PackagingAndDelivery.Controllers.GetPackagingDeliveryChargeController'.
   at Microsoft.Extensions.DependencyInjection.ActivatorUtilities.GetService(IServiceProvider sp, Type type, Type requiredBy, Boolean isDefaultParameterRequired)
   at lambda_method(Closure , IServiceProvider , Object[] )
   at Microsoft.AspNetCore.Mvc.Controllers.ControllerActivatorProvider.<>c__DisplayClass4_0.<CreateActivator>b__0(ControllerContext controllerContext)
   at Microsoft.AspNetCore.Mvc.Controllers.ControllerFactoryProvider.<>c__DisplayClass5_0.<CreateControllerFactory>g__CreateController|0(ControllerContext controllerContext)
   at Microsoft.AspNetCore.Mvc.Infrastructure.ControllerActionInvoker.Next(State& next, Scope& scope, Object& state, Boolean& isCompleted)
   at Microsoft.AspNetCore.Mvc.Infrastructure.ControllerActionInvoker.InvokeInnerFilterAsync()
--- End of stack trace from previous location where exception was thrown ---
   at Microsoft.AspNetCore.Mvc.Infrastructure.ResourceInvoker.<InvokeFilterPipelineAsync>g__Awaited|19_0(ResourceInvoker invoker, Task lastTask, State next, Scope scope, Object state, Boolean isCompleted)
   at Microsoft.AspNetCore.Mvc.Infrastructure.ResourceInvoker.<InvokeAsync>g__Awaited|17_0(ResourceInvoker invoker, Task task, IDisposable scope)
   at Microsoft.AspNetCore.Routing.EndpointMiddleware.<Invoke>g__AwaitRequestTask|6_0(Endpoint endpoint, Task requestTask, ILogger logger)
   at Microsoft.AspNetCore.Authorization.AuthorizationMiddleware.Invoke(HttpContext context)
   at Swashbuckle.AspNetCore.SwaggerUI.SwaggerUIMiddleware.Invoke(HttpContext httpContext)
   at Swashbuckle.AspNetCore.Swagger.SwaggerMiddleware.Invoke(HttpContext httpContext, ISwaggerProvider swaggerProvider)
   at Microsoft.AspNetCore.Diagnostics.DeveloperExceptionPageMiddleware.Invoke(HttpContext context)
ERROR 07:31:25 An unhandled exception has occurred while executing the request.
System.InvalidOperationException: Unable to resolve service for type 'PackagingAndDelivery.Repository.ICharges' while attempting to activate 'PackagingAndDelivery.Controllers.GetPackagingDeliveryChargeController'.
   at Microsoft.Extensions.DependencyInjection.ActivatorUtilities.GetService(IServiceProvider sp, Type type, Type requiredBy, Boolean isDefaultParameterRequired)
   at lambda_method(Closure , IServiceProvider , Object[] )
   at Microsoft.AspNetCore.Mvc.Controllers.ControllerActivatorProvider.<>c__DisplayClass4_0.<CreateActivator>b__0(ControllerContext controllerContext)
   at Microsoft.AspNetCore.Mvc.Controllers.ControllerFactoryProvider.<>c__DisplayClass5_0.<CreateControllerFactory>g__CreateController|0(ControllerContext controllerContext)
   at Microsoft.AspNetCore.Mvc.Infrastructure.ControllerActionInvoker.Next(State& next, Scope& scope, Object& state, Boolean& isCompleted)
   at Microsoft.AspNetCore.Mvc.Infrastructure.ControllerActionInvoker.InvokeInnerFilterAsync()
--- End of stack trace from previous location where exception was thrown ---
   at Microsoft.AspNetCore.Mvc.Infrastructure.ResourceInvoker.<InvokeFilterPipelineAsync>g__Awaited|19_0(ResourceInvoker invoker, Task lastTask, State next, Scope scope, Object state, Boolean isCompleted)
   at Microsoft.AspNetCore.Mvc.Infrastructure.ResourceInvoker.<InvokeAsync>g__Awaited|17_0(ResourceInvoker invoker, Task task, IDisposable scope)
   at Microsoft.AspNetCore.Routing.EndpointMiddleware.<Invoke>g__AwaitRequestTask|6_0(Endpoint endpoint, Task requestTask, ILogger logger)
   at Microsoft.AspNetCore.Authorization.AuthorizationMiddleware.Invoke(HttpContext context)
   at Swashbuckle.AspNetCore.SwaggerUI.SwaggerUIMiddleware.Invoke(HttpContext httpContext)
   at Swashbuckle.AspNetCore.Swagger.SwaggerMiddleware.Invoke(HttpContext httpContext, ISwaggerProvider swaggerProvider)
   at Microsoft.AspNetCore.Diagnostics.DeveloperExceptionPageMiddleware.Invoke(HttpContext context)
ERROR 07:31:25 An unhandled exception has occurred while executing the request.
System.InvalidOperationException: Unable to resolve service for type 'PackagingAndDelivery.Repository.ICharges' while attempting to activate 'PackagingAndDelivery.Controllers.GetPackagingDeliveryChargeController'.
   at Microsoft.Extensions.DependencyInjection.ActivatorUtilities.GetService(IServiceProvider sp, Type type, Type requiredBy, Boolean isDefaultParameterRequired)
   at lambda_method(Closure , IServiceProvider , Object[] )
   at Microsoft.AspNetCore.Mvc.Controllers.ControllerActivatorProvider.<>c__DisplayClass4_0.<CreateActivator>b__0(ControllerContext controllerContext)
   at Microsoft.AspNetCore.Mvc.Controllers.ControllerFactoryProvider.<>c__DisplayClass5_0.<CreateControllerFactory>g__CreateController|0(ControllerContext controllerContext)
   at Microsoft.AspNetCore.Mvc.Infrastructure.ControllerActionInvoker.Next(State& next, Scope& scope, Object& state, Boolean& isCompleted)
   at Microsoft.AspNetCore.Mvc.Infrastructure.ControllerActionInvoker.InvokeInnerFilterAsync()
--- End of stack trace from previous location where exception was thrown ---
   at Microsoft.AspNetCore.Mvc.Infrastructure.ResourceInvoker.<InvokeFilterPipelineAsync>g__Awaited|19_0(ResourceInvoker invoker, Task lastTask, State next, Scope scope, Object state, Boolean isCompleted)
   at Microsoft.AspNetCore.Mvc.Infrastructure.ResourceInvoker.<InvokeAsync>g__Awaited|17_0(ResourceInvoker invoker, Task task, IDisposable scope)
   at Microsoft.AspNetCore.Routing.EndpointMiddleware.<Invoke>g__AwaitRequestTask|6_0(Endpoint endpoint, Task requestTask, ILogger logger)
   at Microsoft.AspNetCore.Authorization.AuthorizationMiddleware.Invoke(HttpContext context)
   at Microsoft.AspNetCore.Routing.EndpointRoutingMiddleware.<Invoke>g__AwaitMatcher|8_0(EndpointRoutingMiddleware middleware, HttpContext httpContext, Task`1 matcherTask)
   at Swashbuckle.AspNetCore.SwaggerUI.SwaggerUIMiddleware.Invoke(HttpContext httpContext)
   at Swashbuckle.AspNetCore.Swagger.SwaggerMiddleware.Invoke(HttpContext httpContext, ISwaggerProvider swaggerProvider)
   at Microsoft.AspNetCore.Diagnostics.DeveloperExceptionPageMiddleware.Invoke(HttpContext context)
ERROR 07:31:25 An unhandled exception has occurred while executing the request.
System.InvalidOperationException: Unable to resolve service for type 'PackagingAndDelivery.Repository.ICharges' while attempting to activate 'PackagingAndDelivery.Controllers.GetPackagingDeliveryChargeController'.
   at Microsoft.Extensions.DependencyInjection.ActivatorUtilities.GetService(IServiceProvider sp, Type type, Type requiredBy, Boolean isDefaultParameterRequired)
   at lambda_method(Closure , IServiceProvider , Object[] )
   at Microsoft.AspNetCore.Mvc.Controllers.ControllerActivatorProvider.<>c__DisplayClass4_0.<CreateActivator>b__0(ControllerContext controllerContext)
   at Microsoft.AspNetCore.Mvc.Controllers.ControllerFactoryProvider.<>c__DisplayClass5_0.<CreateControllerFactory>g__CreateController|0(ControllerContext controllerContext)
   at Microsoft.AspNetCore.Mvc.Infrastructure.ControllerActionInvoker.Next(State& next, Scope& scope, Object& state, Boolean& isCompleted)
   at Microsoft.AspNetCore.Mvc.Infrastructure.ControllerActionInvoker.InvokeInnerFilterAsync()
--- End of stack trace from previous location where exception was thrown ---
   at Microsoft.AspNetCore.Mvc.Infrastructure.ResourceInvoker.<InvokeFilterPipelineAsync>g__Awaited|19_0(ResourceInvoker invoker, Task lastTask, State next, Scope scope, Object state, Boolean isCompleted)
   at Microsoft.AspNetCore.Mvc.Infrastructure.ResourceInvoker.<InvokeAsync>g__Awaited|17_0(ResourceInvoker invoker, Task task, IDisposable scope)
   at Microsoft.AspNetCore.Routing.EndpointMiddleware.<Invoke>g__AwaitRequestTask|6_0(Endpoint endpoint, Task requestTask, ILogger logger)
   at Microsoft.AspNetCore.Authorization.AuthorizationMiddleware.Invoke(HttpContext context)
   at Microsoft.AspNetCore.Routing.EndpointRoutingMiddleware.<Invoke>g__AwaitMatcher|8_0(EndpointRoutingMiddleware middleware, HttpContext httpContext, Task`1 matcherTask)
   at Swashbuckle.AspNetCore.SwaggerUI.SwaggerUIMiddleware.Invoke(HttpContext httpContext)
   at Swashbuckle.AspNetCore.Swagger.SwaggerMiddleware.Invoke(HttpContext httpContext, ISwaggerProvider swaggerProvider)
   at Microsoft.AspNetCore.Diagnostics.DeveloperExceptionPageMiddleware.Invoke(HttpContext context)
INFO  07:34:29 Application started. Press Ctrl+C to shut down.
INFO  07:34:29 Application started. Press Ctrl+C to shut down.
INFO  07:34:29 Hosting environment: Development
INFO  07:34:29 Hosting environment: Development
INFO  07:34:29 Content root path: C:\Users\user\source\repos\PackagingAndDelivery
INFO  07:34:29 Content root path: C:\Users\user\source\repos\PackagingAndDelivery
INFO  07:34:29 GetPackagingDeliveryCharge() called
INFO  07:34:29 GetPackagingDeliveryCharge() called
INFO  07:37:55 Application started. Press Ctrl+C to shut down.
INFO  07:37:55 Application started. Press Ctrl+C to shut down.
INFO  07:37:55 Hosting environment: Development
INFO  07:37:55 Hosting environment: Development
INFO  07:37:55 Content root path: C:\Users\user\source\repos\PackagingAndDelivery
INFO  07:37:55 Content root path: C:\Users\user\source\repos\PackagingAndDelivery
INFO  07:37:56 GetPackagingDeliveryCharge() called
INFO  07:37:56 GetPackagingDeliveryCharge() called
INFO  07:39:00 Application started. Press Ctrl+C to shut down.
INFO  07:39:00 Application started. Press Ctrl+C to shut down.
INFO  07:39:00 Hosting environment: Development
INFO  07:39:00 Hosting environment: Development
INFO  07:39:00 Content root path: C:\Users\user\source\repos\PackagingAndDelivery
INFO  07:39:00 Content root path: C:\Users\user\source\repos\PackagingAndDelivery
INFO  07:39:00 GetPackagingDeliveryCharge() called
INFO  07:39:00 GetPackagingDeliveryCharge() called
INFO  07:39:05 GetPackagingDeliveryCharge() called
INFO  07:39:09 GetPackagingDeliveryCharge() called
INFO  07:39:15 GetPackagingDeliveryCharge() called
INFO  07:39:43 Application started. Press Ctrl+C to shut down.
INFO  07:39:43 Application started. Press Ctrl+C to shut down.
INFO  07:39:43 Hosting environment: Development
INFO  07:39:43 Hosting environment: Development
INFO  07:39:43 Content root path: C:\Users\user\source\repos\PackagingAndDelivery
INFO  07:39:43 Content root path: C:\Users\user\source\repos\PackagingAndDelivery
ERROR 07:39:44 An unhandled exception has occurred while executing the request.
System.InvalidOperationException: Unable to resolve service for type 'PackagingAndDelivery.Repository.ICharges' while attempting to activate 'PackagingAndDelivery.Controllers.GetPackagingDeliveryChargeController'.
   at Microsoft.Extensions.DependencyInjection.ActivatorUtilities.GetService(IServiceProvider sp, Type type, Type requiredBy, Boolean isDefaultParameterRequired)
   at lambda_method(Closure , IServiceProvider , Object[] )
   at Microsoft.AspNetCore.Mvc.Controllers.ControllerActivatorProvider.<>c__DisplayClass4_0.<CreateActivator>b__0(ControllerContext controllerContext)
   at Microsoft.AspNetCore.Mvc.Controllers.ControllerFactoryProvider.<>c__DisplayClass5_0.<CreateControllerFactory>g__CreateController|0(ControllerContext controllerContext)
   at Microsoft.AspNetCore.Mvc.Infrastructure.ControllerActionInvoker.Next(State& next, Scope& scope, Object& state, Boolean& isCompleted)
   at Microsoft.AspNetCore.Mvc.Infrastructure.ControllerActionInvoker.InvokeInnerFilterAsync()
--- End of stack trace from previous location where exception was thrown ---
   at Microsoft.AspNetCore.Mvc.Infrastructure.ResourceInvoker.<InvokeFilterPipelineAsync>g__Awaited|19_0(ResourceInvoker invoker, Task lastTask, State next, Scope scope, Object state, Boolean isCompleted)
   at Microsoft.AspNetCore.Mvc.Infrastructure.ResourceInvoker.<InvokeAsync>g__Awaited|17_0(ResourceInvoker invoker, Task task, IDisposable scope)
   at Microsoft.AspNetCore.Routing.EndpointMiddleware.<Invoke>g__AwaitRequestTask|6_0(Endpoint endpoint, Task requestTask, ILogger logger)
   at Microsoft.AspNetCore.Authorization.AuthorizationMiddleware.Invoke(HttpContext context)
   at Microsoft.AspNetCore.Routing.EndpointRoutingMiddleware.<Invoke>g__AwaitMatcher|8_0(EndpointRoutingMiddleware middleware, HttpContext httpContext, Task`1 matcherTask)
   at Swashbuckle.AspNetCore.SwaggerUI.SwaggerUIMiddleware.Invoke(HttpContext httpContext)
   at Swashbuckle.AspNetCore.Swagger.SwaggerMiddleware.Invoke(HttpContext httpContext, ISwaggerProvider swaggerProvider)
   at Microsoft.AspNetCore.Diagnostics.DeveloperExceptionPageMiddleware.Invoke(HttpContext context)
ERROR 07:39:44 An unhandled exception has occurred while executing the request.
System.InvalidOperationException: Unable to resolve service for type 'PackagingAndDelivery.Repository.ICharges' while attempting to activate 'PackagingAndDelivery.Controllers.GetPackagingDeliveryChargeController'.
   at Microsoft.Extensions.DependencyInjection.ActivatorUtilities.GetService(IServiceProvider sp, Type type, Type requiredBy, Boolean isDefaultParameterRequired)
   at lambda_method(Closure , IServiceProvider , Object[] )
   at Microsoft.AspNetCore.Mvc.Controllers.ControllerActivatorProvider.<>c__DisplayClass4_0.<CreateActivator>b__0(ControllerContext controllerContext)
   at Microsoft.AspNetCore.Mvc.Controllers.ControllerFactoryProvider.<>c__DisplayClass5_0.<CreateControllerFactory>g__CreateController|0(ControllerContext controllerContext)
   at Microsoft.AspNetCore.Mvc.Infrastructure.ControllerActionInvoker.Next(State& next, Scope& scope, Object& state, Boolean& isCompleted)
   at Microsoft.AspNetCore.Mvc.Infrastructure.ControllerActionInvoker.InvokeInnerFilterAsync()
--- End of stack trace from previous location where exception was thrown ---
   at Microsoft.AspNetCore.Mvc.Infrastructure.ResourceInvoker.<InvokeFilterPipelineAsync>g__Awaited|19_0(ResourceInvoker invoker, Task lastTask, State next, Scope scope, Object state, Boolean isCompleted)
   at Microsoft.AspNetCore.Mvc.Infrastructure.ResourceInvoker.<InvokeAsync>g__Awaited|17_0(ResourceInvoker invoker, Task task, IDisposable scope)
   at Microsoft.AspNetCore.Routing.EndpointMiddleware.<Invoke>g__AwaitRequestTask|6_0(Endpoint endpoint, Task requestTask, ILogger logger)
   at Microsoft.AspNetCore.Authorization.AuthorizationMiddleware.Invoke(HttpContext context)
   at Swashbuckle.AspNetCore.SwaggerUI.SwaggerUIMiddleware.Invoke(HttpContext httpContext)
   at Swashbuckle.AspNetCore.Swagger.SwaggerMiddleware.Invoke(HttpContext httpContext, ISwaggerProvider swaggerProvider)
   at Microsoft.AspNetCore.Diagnostics.DeveloperExceptionPageMiddleware.Invoke(HttpContext context)
ERROR 07:39:44 An unhandled exception has occurred while executing the request.
System.InvalidOperationException: Unable to resolve service for type 'PackagingAndDelivery.Repository.ICharges' while attempting to activate 'PackagingAndDelivery.Controllers.GetPackagingDeliveryChargeController'.
   at Microsoft.Extensions.DependencyInjection.ActivatorUtilities.GetService(IServiceProvider sp, Type type, Type requiredBy, Boolean isDefaultParameterRequired)
   at lambda_method(Closure , IServiceProvider , Object[] )
   at Microsoft.AspNetCore.Mvc.Controllers.ControllerActivatorProvider.<>c__DisplayClass4_0.<CreateActivator>b__0(ControllerContext controllerContext)
   at Microsoft.AspNetCore.Mvc.Controllers.ControllerFactoryProvider.<>c__DisplayClass5_0.<CreateControllerFactory>g__CreateController|0(ControllerContext controllerContext)
   at Microsoft.AspNetCore.Mvc.Infrastructure.ControllerActionInvoker.Next(State& next, Scope& scope, Object& state, Boolean& isCompleted)
   at Microsoft.AspNetCore.Mvc.Infrastructure.ControllerActionInvoker.InvokeInnerFilterAsync()
--- End of stack trace from previous location where exception was thrown ---
   at Microsoft.AspNetCore.Mvc.Infrastructure.ResourceInvoker.<InvokeFilterPipelineAsync>g__Awaited|19_0(ResourceInvoker invoker, Task lastTask, State next, Scope scope, Object state, Boolean isCompleted)
   at Microsoft.AspNetCore.Mvc.Infrastructure.ResourceInvoker.<InvokeAsync>g__Awaited|17_0(ResourceInvoker invoker, Task task, IDisposable scope)
   at Microsoft.AspNetCore.Routing.EndpointMiddleware.<Invoke>g__AwaitRequestTask|6_0(Endpoint endpoint, Task requestTask, ILogger logger)
   at Microsoft.AspNetCore.Authorization.AuthorizationMiddleware.Invoke(HttpContext context)
   at Swashbuckle.AspNetCore.SwaggerUI.SwaggerUIMiddleware.Invoke(HttpContext httpContext)
   at Swashbuckle.AspNetCore.Swagger.SwaggerMiddleware.Invoke(HttpContext httpContext, ISwaggerProvider swaggerProvider)
   at Microsoft.AspNetCore.Diagnostics.DeveloperExceptionPageMiddleware.Invoke(HttpContext context)
ERROR 07:39:44 An unhandled exception has occurred while executing the request.
System.InvalidOperationException: Unable to resolve service for type 'PackagingAndDelivery.Repository.ICharges' while attempting to activate 'PackagingAndDelivery.Controllers.GetPackagingDeliveryChargeController'.
   at Microsoft.Extensions.DependencyInjection.ActivatorUtilities.GetService(IServiceProvider sp, Type type, Type requiredBy, Boolean isDefaultParameterRequired)
   at lambda_method(Closure , IServiceProvider , Object[] )
   at Microsoft.AspNetCore.Mvc.Controllers.ControllerActivatorProvider.<>c__DisplayClass4_0.<CreateActivator>b__0(ControllerContext controllerContext)
   at Microsoft.AspNetCore.Mvc.Controllers.ControllerFactoryProvider.<>c__DisplayClass5_0.<CreateControllerFactory>g__CreateController|0(ControllerContext controllerContext)
   at Microsoft.AspNetCore.Mvc.Infrastructure.ControllerActionInvoker.Next(State& next, Scope& scope, Object& state, Boolean& isCompleted)
   at Microsoft.AspNetCore.Mvc.Infrastructure.ControllerActionInvoker.InvokeInnerFilterAsync()
--- End of stack trace from previous location where exception was thrown ---
   at Microsoft.AspNetCore.Mvc.Infrastructure.ResourceInvoker.<InvokeFilterPipelineAsync>g__Awaited|19_0(ResourceInvoker invoker, Task lastTask, State next, Scope scope, Object state, Boolean isCompleted)
   at Microsoft.AspNetCore.Mvc.Infrastructure.ResourceInvoker.<InvokeAsync>g__Awaited|17_0(ResourceInvoker invoker, Task task, IDisposable scope)
   at Microsoft.AspNetCore.Routing.EndpointMiddleware.<Invoke>g__AwaitRequestTask|6_0(Endpoint endpoint, Task requestTask, ILogger logger)
   at Microsoft.AspNetCore.Authorization.AuthorizationMiddleware.Invoke(HttpContext context)
   at Microsoft.AspNetCore.Routing.EndpointRoutingMiddleware.<Invoke>g__AwaitMatcher|8_0(EndpointRoutingMiddleware middleware, HttpContext httpContext, Task`1 matcherTask)
   at Swashbuckle.AspNetCore.SwaggerUI.SwaggerUIMiddleware.Invoke(HttpContext httpContext)
   at Swashbuckle.AspNetCore.Swagger.SwaggerMiddleware.Invoke(HttpContext httpContext, ISwaggerProvider swaggerProvider)
   at Microsoft.AspNetCore.Diagnostics.DeveloperExceptionPageMiddleware.Invoke(HttpContext context)
INFO  10:22:37 Application started. Press Ctrl+C to shut down.
INFO  10:22:38 Application started. Press Ctrl+C to shut down.
INFO  10:22:38 Hosting environment: Development
INFO  10:22:38 Hosting environment: Development
INFO  10:22:38 Content root path: C:\Users\user\OneDrive\Desktop\Return Order Management\Packaging-and-Delivery
INFO  10:22:38 Content root path: C:\Users\user\OneDrive\Desktop\Return Order Management\Packaging-and-Delivery
INFO  10:22:39 GetPackagingDeliveryCharge() called
INFO  10:22:39 GetPackagingDeliveryCharge() called
INFO  09:37:40 Application started. Press Ctrl+C to shut down.
INFO  09:37:41 Application started. Press Ctrl+C to shut down.
INFO  09:37:41 Hosting environment: Development
INFO  09:37:41 Hosting environment: Development
INFO  09:37:41 Content root path: C:\Users\user\OneDrive\Desktop\Return Order Management\Packaging-and-Delivery
INFO  09:37:41 Content root path: C:\Users\user\OneDrive\Desktop\Return Order Management\Packaging-and-Delivery
INFO  09:37:42 GetPackagingDeliveryCharge() called
INFO  09:37:42 GetPackagingDeliveryCharge() called
INFO  09:37:49 GetPackagingDeliveryCharge() called
INFO  09:37:54 GetPackagingDeliveryCharge() called
INFO  09:37:59 GetPackagingDeliveryCharge() called
INFO  10:10:57 Application started. Press Ctrl+C to shut down.
INFO  10:10:57 Application started. Press Ctrl+C to shut down.
INFO  10:10:57 Hosting environment: Development
INFO  10:10:57 Hosting environment: Development
INFO  10:10:57 Content root path: C:\Users\user\OneDrive\Desktop\Return Order Management\Packaging-and-Delivery
INFO  10:10:57 Content root path: C:\Users\user\OneDrive\Desktop\Return Order Management\Packaging-and-Delivery
INFO  10:10:58 GetPackagingDeliveryCharge() called
INFO  10:10:58 GetPackagingDeliveryCharge() called
INFO  10:12:24 Application started. Press Ctrl+C to shut down.
INFO  10:12:25 Application started. Press Ctrl+C to shut down.
INFO  10:12:25 Hosting environment: Development
INFO  10:12:25 Hosting environment: Development
INFO  10:12:25 Content root path: C:\Users\user\OneDrive\Desktop\Return Order Management\Packaging-and-Delivery
INFO  10:12:25 Content root path: C:\Users\user\OneDrive\Desktop\Return Order Management\Packaging-and-Delivery
INFO  10:12:25 GetPackagingDeliveryCharge() called
INFO  10:12:25 GetPackagingDeliveryCharge() called
INFO  10:12:38 GetPackagingDeliveryCharge() called
INFO  11:48:22 Application started. Press Ctrl+C to shut down.
INFO  11:48:22 Application started. Press Ctrl+C to shut down.
INFO  11:48:22 Hosting environment: Development
INFO  11:48:22 Hosting environment: Development
INFO  11:48:22 Content root path: C:\Users\user\OneDrive\Desktop\Return Order Management\Packaging-and-Delivery
INFO  11:48:22 Content root path: C:\Users\user\OneDrive\Desktop\Return Order Management\Packaging-and-Delivery
INFO  11:48:22 GetPackagingDeliveryCharge() called
INFO  11:48:22 GetPackagingDeliveryCharge() called
INFO  12:00:23 Application started. Press Ctrl+C to shut down.
INFO  12:00:23 Application started. Press Ctrl+C to shut down.
INFO  12:00:23 Hosting environment: Development
INFO  12:00:23 Hosting environment: Development
INFO  12:00:23 Content root path: C:\Users\user\OneDrive\Desktop\Return Order Management\Packaging-and-Delivery
INFO  12:00:23 Content root path: C:\Users\user\OneDrive\Desktop\Return Order Management\Packaging-and-Delivery
INFO  12:00:23 GetPackagingDeliveryCharge() called
INFO  12:00:23 GetPackagingDeliveryCharge() called
INFO  12:30:27 Application started. Press Ctrl+C to shut down.
INFO  12:30:27 Application started. Press Ctrl+C to shut down.
INFO  12:30:27 Hosting environment: Development
INFO  12:30:27 Hosting environment: Development
INFO  12:30:27 Content root path: C:\Users\user\OneDrive\Desktop\Return Order Management\Packaging-and-Delivery
INFO  12:30:27 Content root path: C:\Users\user\OneDrive\Desktop\Return Order Management\Packaging-and-Delivery
INFO  12:30:28 GetPackagingDeliveryCharge() called
INFO  12:30:28 GetPackagingDeliveryCharge() called
INFO  12:30:33 GetPackagingDeliveryCharge() called
INFO  12:30:40 GetPackagingDeliveryCharge() called
INFO  01:10:01 Application started. Press Ctrl+C to shut down.
INFO  01:10:01 Application started. Press Ctrl+C to shut down.
INFO  01:10:01 Hosting environment: Development
INFO  01:10:01 Hosting environment: Development
INFO  01:10:01 Content root path: C:\Users\user\OneDrive\Desktop\Return Order Management\Packaging-and-Delivery
INFO  01:10:01 Content root path: C:\Users\user\OneDrive\Desktop\Return Order Management\Packaging-and-Delivery
INFO  01:10:02 GetPackagingDeliveryCharge() called
INFO  01:10:02 GetPackagingDeliveryCharge() called
INFO  01:12:46 Application started. Press Ctrl+C to shut down.
INFO  01:12:46 Application started. Press Ctrl+C to shut down.
INFO  01:12:46 Hosting environment: Development
INFO  01:12:46 Hosting environment: Development
INFO  01:12:46 Content root path: C:\Users\user\OneDrive\Desktop\Return Order Management\Packaging-and-Delivery
INFO  01:12:46 Content root path: C:\Users\user\OneDrive\Desktop\Return Order Management\Packaging-and-Delivery
INFO  01:12:46 GetPackagingDeliveryCharge() called
INFO  01:12:46 GetPackagingDeliveryCharge() called
INFO  01:13:12 GetPackagingDeliveryCharge() called
INFO  01:13:16 GetPackagingDeliveryCharge() called
INFO  01:15:26 Application started. Press Ctrl+C to shut down.
INFO  01:15:26 Application started. Press Ctrl+C to shut down.
INFO  01:15:26 Hosting environment: Development
INFO  01:15:26 Hosting environment: Development
INFO  01:15:26 Content root path: C:\Users\user\OneDrive\Desktop\Return Order Management\Packaging-and-Delivery
INFO  01:15:26 Content root path: C:\Users\user\OneDrive\Desktop\Return Order Management\Packaging-and-Delivery
INFO  01:15:27 GetPackagingDeliveryCharge() called
INFO  01:15:27 GetPackagingDeliveryCharge() called
INFO  01:15:33 GetPackagingDeliveryCharge() called
INFO  01:15:39 GetPackagingDeliveryCharge() called
INFO  01:15:43 GetPackagingDeliveryCharge() called
INFO  01:17:59 Application started. Press Ctrl+C to shut down.
INFO  01:17:59 Application started. Press Ctrl+C to shut down.
INFO  01:17:59 Hosting environment: Development
INFO  01:17:59 Hosting environment: Development
INFO  01:17:59 Content root path: C:\Users\user\OneDrive\Desktop\Return Order Management\Packaging-and-Delivery
INFO  01:17:59 Content root path: C:\Users\user\OneDrive\Desktop\Return Order Management\Packaging-and-Delivery
INFO  01:17:59 GetPackagingDeliveryCharge() called
INFO  01:18:10 GetPackagingDeliveryCharge() called
INFO  01:18:15 GetPackagingDeliveryCharge() called
INFO  01:18:19 GetPackagingDeliveryCharge() called
INFO  01:19:47 Application started. Press Ctrl+C to shut down.
INFO  01:19:47 Application started. Press Ctrl+C to shut down.
INFO  01:19:47 Hosting environment: Development
INFO  01:19:47 Hosting environment: Development
INFO  01:19:47 Content root path: C:\Users\user\OneDrive\Desktop\Return Order Management\Packaging-and-Delivery
INFO  01:19:47 Content root path: C:\Users\user\OneDrive\Desktop\Return Order Management\Packaging-and-Delivery
INFO  01:19:48 GetPackagingDeliveryCharge() called
INFO  01:19:48 GetPackagingDeliveryCharge() called
INFO  01:19:51 GetPackagingDeliveryCharge() called
INFO  01:44:37 Application started. Press Ctrl+C to shut down.
INFO  01:44:37 Application started. Press Ctrl+C to shut down.
INFO  01:44:37 Hosting environment: Development
INFO  01:44:37 Hosting environment: Development
INFO  01:44:37 Content root path: C:\Users\user\OneDrive\Desktop\Return Order Management\Packaging-and-Delivery
INFO  01:44:37 Content root path: C:\Users\user\OneDrive\Desktop\Return Order Management\Packaging-and-Delivery
INFO  01:44:38 GetPackagingDeliveryCharge() called
INFO  01:44:38 GetPackagingDeliveryCharge() called
INFO  01:44:50 GetPackagingDeliveryCharge() called
INFO  02:34:11 Application started. Press Ctrl+C to shut down.
INFO  02:34:11 Application started. Press Ctrl+C to shut down.
INFO  02:34:11 Hosting environment: Development
INFO  02:34:11 Hosting environment: Development
INFO  02:34:11 Content root path: C:\Users\user\OneDrive\Desktop\Return Order Management\Packaging-and-Delivery
INFO  02:34:11 Content root path: C:\Users\user\OneDrive\Desktop\Return Order Management\Packaging-and-Delivery
INFO  02:34:12 GetPackagingDeliveryCharge() called
INFO  02:34:12 GetPackagingDeliveryCharge() called
INFO  02:36:26 Application started. Press Ctrl+C to shut down.
INFO  02:36:26 Application started. Press Ctrl+C to shut down.
INFO  02:36:26 Hosting environment: Development
INFO  02:36:26 Hosting environment: Development
INFO  02:36:26 Content root path: C:\Users\user\OneDrive\Desktop\Return Order Management\Packaging-and-Delivery
INFO  02:36:26 Content root path: C:\Users\user\OneDrive\Desktop\Return Order Management\Packaging-and-Delivery
INFO  02:36:26 GetPackagingDeliveryCharge() called
INFO  02:36:26 GetPackagingDeliveryCharge() called
INFO  02:38:33 Application started. Press Ctrl+C to shut down.
INFO  02:38:33 Application started. Press Ctrl+C to shut down.
INFO  02:38:33 Hosting environment: Development
INFO  02:38:33 Hosting environment: Development
INFO  02:38:33 Content root path: C:\Users\user\OneDrive\Desktop\Return Order Management\Packaging-and-Delivery
INFO  02:38:33 Content root path: C:\Users\user\OneDrive\Desktop\Return Order Management\Packaging-and-Delivery
INFO  02:38:34 GetPackagingDeliveryCharge() called
INFO  02:38:35 GetPackagingDeliveryCharge() called
INFO  02:38:40 GetPackagingDeliveryCharge() called
INFO  02:38:44 GetPackagingDeliveryCharge() called
INFO  02:38:49 GetPackagingDeliveryCharge() called
INFO  03:21:31 Application started. Press Ctrl+C to shut down.
INFO  03:21:31 Application started. Press Ctrl+C to shut down.
INFO  03:21:31 Hosting environment: Development
INFO  03:21:31 Hosting environment: Development
INFO  03:21:31 Content root path: C:\Users\user\OneDrive\Desktop\Return Order Management\Packaging-and-Delivery
INFO  03:21:31 Content root path: C:\Users\user\OneDrive\Desktop\Return Order Management\Packaging-and-Delivery
INFO  03:21:33 GetPackagingDeliveryCharge() called
INFO  03:21:33 GetPackagingDeliveryCharge() called
INFO  04:33:43 Application started. Press Ctrl+C to shut down.
INFO  04:33:43 Application started. Press Ctrl+C to shut down.
INFO  04:33:43 Hosting environment: Development
INFO  04:33:43 Hosting environment: Development
INFO  04:33:43 Content root path: C:\Users\user\OneDrive\Desktop\Return Order Management\Packaging-and-Delivery
INFO  04:33:43 Content root path: C:\Users\user\OneDrive\Desktop\Return Order Management\Packaging-and-Delivery
INFO  04:33:44 GetPackagingDeliveryCharge() called
INFO  04:33:44 GetPackagingDeliveryCharge() called
INFO  04:33:48 GetPackagingDeliveryCharge() called
INFO  04:34:15 GetPackagingDeliveryCharge() called
INFO  04:35:55 Application started. Press Ctrl+C to shut down.
INFO  04:35:55 Application started. Press Ctrl+C to shut down.
INFO  04:35:55 Hosting environment: Development
INFO  04:35:55 Hosting environment: Development
INFO  04:35:55 Content root path: C:\Users\user\OneDrive\Desktop\Return Order Management\Packaging-and-Delivery
INFO  04:35:55 Content root path: C:\Users\user\OneDrive\Desktop\Return Order Management\Packaging-and-Delivery
INFO  04:35:55 GetPackagingDeliveryCharge() called
INFO  04:35:55 GetPackagingDeliveryCharge() called
INFO  04:36:01 GetPackagingDeliveryCharge() called
INFO  04:36:06 GetPackagingDeliveryCharge() called
INFO  04:36:12 GetPackagingDeliveryCharge() called
